<?xml version="1.0" encoding="UTF-8"?>
<!-- Generated by org.testng.reporters.JUnitReportReporter -->
<testsuite skipped="0" hostname="Libi" name="TestNG.Data_Provider" tests="4" failures="0" timestamp="29 Apr 2018 17:24:12 GMT" time="0.029" errors="0">
  <testcase name="dologinTest" time="0.003" classname="TestNG.Data_Provider"/>
  <testcase name="dologinTest" time="0.006" classname="TestNG.Data_Provider"/>
  <testcase name="dologinTest" time="0.010" classname="TestNG.Data_Provider"/>
  <testcase name="dologinTest" time="0.010" classname="TestNG.Data_Provider"/>
</testsuite> <!-- TestNG.Data_Provider -->
