<?xml version="1.0" encoding="UTF-8"?>
<!-- Generated by org.testng.reporters.JUnitReportReporter -->
<testsuite skipped="0" hostname="Libi" name="testngExplanation.Parameter_Dataprovider" tests="4" failures="0" timestamp="30 Apr 2018 22:54:56 GMT" time="115.243" errors="0">
  <testcase name="dologinTest" time="18.211" classname="testngExplanation.Parameter_Dataprovider"/>
  <testcase name="dologinTest" time="61.096" classname="testngExplanation.Parameter_Dataprovider"/>
  <testcase name="dologinTest" time="19.027" classname="testngExplanation.Parameter_Dataprovider"/>
  <testcase name="dologinTest" time="16.909" classname="testngExplanation.Parameter_Dataprovider"/>
</testsuite> <!-- testngExplanation.Parameter_Dataprovider -->
