<?xml version="1.0" encoding="UTF-8"?>
<!-- Generated by org.testng.reporters.JUnitReportReporter -->
<testsuite skipped="0" hostname="Libi" name="etc.BandA" tests="1" failures="0" timestamp="30 Apr 2018 01:03:40 GMT" time="123.985" errors="0">
  <testcase name="login" time="123.985" classname="etc.BandA"/>
</testsuite> <!-- etc.BandA -->
