<?xml version="1.0" encoding="UTF-8"?>
<!-- Generated by org.testng.reporters.JUnitReportReporter -->
<testsuite skipped="0" hostname="Libi" name="testngExplanation.AlwaysRun" tests="1" failures="0" timestamp="30 Apr 2018 12:47:44 GMT" time="0.934" errors="0">
  <testcase name="openFaceBook" time="0.934" classname="testngExplanation.AlwaysRun"/>
</testsuite> <!-- testngExplanation.AlwaysRun -->
