<?xml version="1.0" encoding="UTF-8"?>
<!-- Generated by org.testng.reporters.JUnitReportReporter -->
<testsuite skipped="0" hostname="Libi" name="testngExplanation.DependsOnMethods" tests="5" failures="0" timestamp="08 May 2018 19:49:42 GMT" time="33.016" errors="0">
  <testcase name="postComment" time="4.627" classname="testngExplanation.DependsOnMethods"/>
  <testcase name="login" time="8.966" classname="testngExplanation.DependsOnMethods"/>
  <testcase name="forgot" time="3.959" classname="testngExplanation.DependsOnMethods"/>
  <testcase name="clickLike" time="3.982" classname="testngExplanation.DependsOnMethods"/>
  <testcase name="openMainPage" time="11.482" classname="testngExplanation.DependsOnMethods"/>
</testsuite> <!-- testngExplanation.DependsOnMethods -->
