<?xml version="1.0" encoding="UTF-8"?>
<!-- Generated by org.testng.reporters.JUnitReportReporter -->
<testsuite skipped="0" hostname="Libi" name="testngExplanation.Groups" tests="6" failures="0" timestamp="15 May 2018 20:27:20 GMT" time="0.075" errors="0">
  <testcase name="crises_manage" time="0.008" classname="testngExplanation.Groups"/>
  <testcase name="crises_responses" time="0.003" classname="testngExplanation.Groups"/>
  <testcase name="login" time="0.030" classname="testngExplanation.Groups"/>
  <testcase name="crises_controll" time="0.027" classname="testngExplanation.Groups"/>
  <testcase name="friendlist" time="0.001" classname="testngExplanation.Groups"/>
  <testcase name="group" time="0.006" classname="testngExplanation.Groups"/>
</testsuite> <!-- testngExplanation.Groups -->
