<?xml version="1.0" encoding="UTF-8"?>
<!-- Generated by org.testng.reporters.JUnitReportReporter -->
<testsuite skipped="0" hostname="Libi" name="TestNG.Parameterization" tests="1" failures="0" timestamp="27 Apr 2018 21:36:53 GMT" time="11.722" errors="0">
  <testcase name="login" time="11.722" classname="TestNG.Parameterization"/>
</testsuite> <!-- TestNG.Parameterization -->
