<?xml version="1.0" encoding="UTF-8"?>
<!-- Generated by org.testng.reporters.JUnitReportReporter -->
<testsuite skipped="0" hostname="Libi" name="testngExplanation.TestNG_in_order" tests="2" failures="0" timestamp="30 Apr 2018 12:40:43 GMT" time="0.027" errors="0">
  <testcase name="testCase2" time="0.009" classname="testngExplanation.TestNG_in_order"/>
  <testcase name="testCase1" time="0.018" classname="testngExplanation.TestNG_in_order"/>
</testsuite> <!-- testngExplanation.TestNG_in_order -->
