<?xml version="1.0" encoding="UTF-8"?>
<!-- Generated by org.testng.reporters.JUnitReportReporter -->
<testsuite skipped="1" hostname="Libi" name="TestNG.Dependency" tests="3" failures="0" timestamp="01 May 2018 20:02:43 GMT" time="12.156" errors="0">
  <testcase name="link" time="1.505" classname="TestNG.Dependency">
    <skipped/>
  </testcase> <!-- link -->
  <testcase name="login" time="6.235" classname="TestNG.Dependency"/>
  <testcase name="forgot" time="4.416" classname="TestNG.Dependency"/>
</testsuite> <!-- TestNG.Dependency -->
