<?xml version="1.0" encoding="UTF-8"?>
<!-- Generated by org.testng.reporters.JUnitReportReporter -->
<testsuite skipped="0" hostname="Libi" name="testngExplanation.Description" tests="1" failures="0" timestamp="30 Apr 2018 23:53:17 GMT" time="0.388" errors="0">
  <testcase name="openFaceBook" time="0.388" classname="testngExplanation.Description"/>
</testsuite> <!-- testngExplanation.Description -->
