<?xml version="1.0" encoding="UTF-8"?>
<!-- Generated by org.testng.reporters.JUnitReportReporter -->
<testsuite skipped="0" hostname="Libi" name="testngExplanation.InvocationCount" tests="2" failures="0" timestamp="15 May 2018 20:27:20 GMT" time="0.003" errors="0">
  <testcase name="messenger" time="0.001" classname="testngExplanation.InvocationCount"/>
  <testcase name="firstname" time="0.002" classname="testngExplanation.InvocationCount"/>
</testsuite> <!-- testngExplanation.InvocationCount -->
