<?xml version="1.0" encoding="UTF-8"?>
<!-- Generated by org.testng.reporters.JUnitReportReporter -->
<testsuite skipped="0" hostname="Libi" name="TestNG.Group" tests="1" failures="0" timestamp="15 May 2018 20:27:20 GMT" time="0.002" errors="0">
  <testcase name="checkingGroup" time="0.002" classname="TestNG.Group"/>
</testsuite> <!-- TestNG.Group -->
