<?xml version="1.0" encoding="UTF-8"?>
<!-- Generated by org.testng.reporters.JUnitReportReporter -->
<testsuite skipped="0" hostname="Libi" name="TestNG.Dependency_priority" tests="2" failures="0" timestamp="15 May 2018 20:52:35 GMT" time="2.006" errors="0">
  <testcase name="register" time="1.138" classname="TestNG.Dependency_priority"/>
  <testcase name="support" time="0.868" classname="TestNG.Dependency_priority"/>
</testsuite> <!-- TestNG.Dependency_priority -->
