<?xml version="1.0" encoding="UTF-8"?>
<!-- Generated by org.testng.reporters.JUnitReportReporter -->
<testsuite skipped="0" hostname="Libi" name="TestNG.Priority" tests="6" failures="0" timestamp="01 May 2018 20:02:43 GMT" time="0.011" errors="0">
  <testcase name="login" time="0.001" classname="TestNG.Priority"/>
  <testcase name="crises_responses" time="0.005" classname="TestNG.Priority"/>
  <testcase name="group" time="0.001" classname="TestNG.Priority"/>
  <testcase name="friendlist" time="0.002" classname="TestNG.Priority"/>
  <testcase name="crises_manage" time="0.001" classname="TestNG.Priority"/>
  <testcase name="crises_controll" time="0.001" classname="TestNG.Priority"/>
</testsuite> <!-- TestNG.Priority -->
