<?xml version="1.0" encoding="UTF-8"?>
<!-- Generated by org.testng.reporters.JUnitReportReporter -->
<testsuite skipped="0" hostname="Libi" name="prioritize" tests="4" failures="0" timestamp="24 Apr 2018 02:46:52 GMT" time="18.193" errors="0">
  <testcase name="login" time="18.180" classname="prioritize"/>
  <testcase name="friendlist" time="0.004" classname="prioritize"/>
  <testcase name="group" time="0.005" classname="prioritize"/>
  <testcase name="crises_responses" time="0.004" classname="prioritize"/>
</testsuite> <!-- prioritize -->
