<?xml version="1.0" encoding="UTF-8"?>
<!-- Generated by org.testng.reporters.JUnitReportReporter -->
<testsuite skipped="2" hostname="Libi" name="testngExplanation.EnableTrueFalse" tests="5" failures="0" timestamp="30 Apr 2018 16:10:17 GMT" time="14.889" errors="0">
  <testcase name="openMainPage" time="5.080" classname="testngExplanation.EnableTrueFalse"/>
  <testcase name="clickLike" time="2.092" classname="testngExplanation.EnableTrueFalse"/>
  <testcase name="login" time="7.717" classname="testngExplanation.EnableTrueFalse"/>
  <testcase name="forgot" classname="testngExplanation.EnableTrueFalse">
    <skipped/>
  </testcase> <!-- forgot -->
  <testcase name="postComment" classname="testngExplanation.EnableTrueFalse">
    <skipped/>
  </testcase> <!-- postComment -->
</testsuite> <!-- testngExplanation.EnableTrueFalse -->
