<?xml version="1.0" encoding="UTF-8"?>
<!-- Generated by org.testng.reporters.JUnitReportReporter -->
<testsuite skipped="0" hostname="Libi" name="testngExplanation.priority" tests="6" failures="0" timestamp="15 May 2018 20:16:19 GMT" time="0.010" errors="0">
  <testcase name="login" time="0.002" classname="testngExplanation.priority"/>
  <testcase name="crises_responses" time="0.002" classname="testngExplanation.priority"/>
  <testcase name="group" time="0.001" classname="testngExplanation.priority"/>
  <testcase name="friendlist" time="0.002" classname="testngExplanation.priority"/>
  <testcase name="crises_manage" time="0.002" classname="testngExplanation.priority"/>
  <testcase name="crises_controll" time="0.001" classname="testngExplanation.priority"/>
</testsuite> <!-- testngExplanation.priority -->
