<?xml version="1.0" encoding="UTF-8"?>
<!-- Generated by org.testng.reporters.JUnitReportReporter -->
<testsuite skipped="0" hostname="Libi" name="check" tests="1" failures="0" timestamp="23 Apr 2018 22:18:43 GMT" time="19.570" errors="0">
  <testcase name="dologin" time="19.570" classname="check"/>
</testsuite> <!-- check -->
