<?xml version="1.0" encoding="UTF-8"?>
<!-- Generated by org.testng.reporters.JUnitReportReporter -->
<testsuite skipped="0" hostname="Libi" name="TestNG.BeforeAfterMethod" tests="1" failures="0" timestamp="15 May 2018 20:52:35 GMT" time="172.233" errors="0">
  <testcase name="testone" time="172.233" classname="TestNG.BeforeAfterMethod"/>
</testsuite> <!-- TestNG.BeforeAfterMethod -->
