<?xml version="1.0" encoding="UTF-8"?>
<!-- Generated by org.testng.reporters.JUnitReportReporter -->
<testsuite skipped="0" hostname="Libi" name="testngExplanation.Parallel" tests="2" failures="0" timestamp="15 May 2018 20:16:19 GMT" time="6.236" errors="0">
  <testcase name="openGmail" time="3.285" classname="testngExplanation.Parallel"/>
  <testcase name="openFaceBook" time="2.951" classname="testngExplanation.Parallel"/>
</testsuite> <!-- testngExplanation.Parallel -->
