<?xml version="1.0" encoding="UTF-8"?>
<!-- Generated by org.testng.reporters.JUnitReportReporter -->
<testsuite skipped="0" hostname="DESKTOP-INQUNRP" name="com.TestNGBatch.FunctionalTest" tests="6" failures="0" timestamp="2020-06-14T20:10:40 EDT" time="0.022" errors="0">
  <testcase name="test1" time="0.015" classname="com.TestNGBatch.FunctionalTest"/>
  <testcase name="test2" time="0.001" classname="com.TestNGBatch.FunctionalTest"/>
  <testcase name="test3" time="0.002" classname="com.TestNGBatch.FunctionalTest"/>
  <testcase name="test4" time="0.002" classname="com.TestNGBatch.FunctionalTest"/>
  <testcase name="test5" time="0.001" classname="com.TestNGBatch.FunctionalTest"/>
  <testcase name="test6" time="0.001" classname="com.TestNGBatch.FunctionalTest"/>
</testsuite> <!-- com.TestNGBatch.FunctionalTest -->
